{
  "RSpec": {
    "coverage": {
      "/Users/ericchon/turing/1mod/enigma/spec/decrypt_spec.rb": {
        "lines": [

        ]
      },
      "/Users/ericchon/turing/1mod/enigma/spec/encrypt_spec.rb": {
        "lines": [
          1,
          1,
          1,
          1,
          1,
          null,
          1,
          1,
          4,
          4,
          4,
          null,
          null,
          1,
          1,
          null,
          null,
          1,
          1,
          1,
          1,
          1,
          null,
          null,
          1,
          null,
          1,
          null,
          null,
          1,
          1,
          null,
          null
        ]
      },
      "/Users/ericchon/turing/1mod/enigma/lib/key.rb": {
        "lines": [
          1,
          null,
          1,
          null,
          1,
          8,
          null,
          null,
          1,
          26,
          26,
          104,
          null,
          26,
          null,
          null,
          1,
          25,
          25,
          25,
          null,
          null,
          null
        ]
      },
      "/Users/ericchon/turing/1mod/enigma/lib/encrypt.rb": {
        "lines": [
          1,
          1,
          null,
          1,
          4,
          4,
          4,
          4,
          null,
          null,
          1,
          6,
          6,
          6,
          24,
          96,
          24,
          24,
          null,
          null,
          null,
          6,
          null,
          null,
          1,
          1,
          1,
          5,
          20,
          5,
          null,
          null,
          null,
          1,
          null,
          null,
          1,
          1,
          1,
          5,
          135,
          5,
          null,
          null,
          null,
          1,
          null,
          null
        ]
      },
      "/Users/ericchon/turing/1mod/enigma/spec/enigma_spec.rb": {
        "lines": [
          null,
          null,
          null,
          null,
          null,
          null,
          null,
          null,
          null,
          null,
          null,
          null,
          null,
          null,
          null,
          null,
          null,
          null,
          null,
          null,
          null,
          null,
          null,
          null,
          null,
          null,
          null,
          null,
          null,
          null,
          null,
          null,
          null,
          null,
          null,
          null,
          null,
          null,
          null,
          null,
          null,
          null,
          null,
          null,
          null,
          null,
          null,
          null,
          null,
          null,
          null,
          null,
          null,
          null,
          null,
          null,
          null,
          null,
          null,
          null,
          null,
          null,
          null,
          null,
          null,
          null,
          null,
          null,
          null,
          null,
          null,
          null,
          null,
          null,
          null,
          null,
          null
        ]
      },
      "/Users/ericchon/turing/1mod/enigma/spec/key_spec.rb": {
        "lines": [
          1,
          1,
          null,
          1,
          null,
          1,
          1,
          4,
          null,
          null,
          1,
          1,
          null,
          null,
          1,
          1,
          null,
          null,
          1,
          1,
          null,
          null,
          1,
          1,
          null,
          null
        ]
      }
    },
    "timestamp": 1636657163
  }
}
