{
  "RSpec": {
    "coverage": {
      "/Users/ericchon/turing/1mod/enigma/lib/decryption.rb": {
        "lines": [
          1,
          1,
          null,
          1,
          19,
          19,
          19,
          19,
          null,
          null,
          1,
          47,
          null,
          null,
          1,
          46,
          null,
          null,
          1,
          45,
          45,
          45,
          null,
          null,
          1,
          176,
          176,
          704,
          null,
          176,
          null,
          null,
          1,
          176,
          176,
          176,
          null,
          null,
          1,
          44,
          44,
          44,
          176,
          704,
          176,
          176,
          null,
          null,
          null,
          44,
          null,
          null,
          1,
          7,
          7,
          47,
          1269,
          47,
          null,
          null,
          null,
          7,
          null,
          null,
          1,
          6,
          6,
          42,
          168,
          42,
          null,
          null,
          null,
          6,
          null,
          null,
          1,
          4,
          null,
          32,
          null,
          null,
          null
        ]
      },
      "/Users/ericchon/turing/1mod/enigma/spec/encryption_spec.rb": {
        "lines": [
          1,
          1,
          null,
          1,
          1,
          null,
          1,
          1,
          11,
          null,
          null,
          1,
          1,
          null,
          null,
          1,
          1,
          null,
          null,
          1,
          1,
          1,
          null,
          null,
          1,
          1,
          null,
          null,
          1,
          1,
          null,
          null,
          1,
          1,
          null,
          null,
          1,
          1,
          1,
          1,
          1,
          null,
          null,
          1,
          1,
          1,
          null,
          null,
          1,
          1,
          1,
          null,
          null,
          1,
          1,
          null,
          null,
          1,
          1,
          1,
          null,
          null,
          null
        ]
      },
      "/Users/ericchon/turing/1mod/enigma/lib/encryption.rb": {
        "lines": [
          1,
          1,
          null,
          1,
          22,
          22,
          0,
          null,
          22,
          null,
          22,
          22,
          null,
          null,
          1,
          69,
          null,
          null,
          1,
          68,
          null,
          null,
          1,
          67,
          67,
          67,
          null,
          null,
          1,
          266,
          266,
          1064,
          null,
          266,
          null,
          null,
          1,
          265,
          265,
          265,
          null,
          null,
          1,
          66,
          66,
          66,
          264,
          1056,
          264,
          264,
          null,
          null,
          null,
          66,
          null,
          null,
          1,
          8,
          8,
          64,
          256,
          64,
          null,
          null,
          null,
          8,
          null,
          null,
          1,
          9,
          9,
          69,
          1863,
          69,
          null,
          null,
          null,
          9,
          null,
          null,
          1,
          6,
          54,
          null,
          null,
          null
        ]
      },
      "/Users/ericchon/turing/1mod/enigma/spec/enigma_spec.rb": {
        "lines": [
          1,
          1,
          null,
          1,
          1,
          1,
          1,
          null,
          1,
          1,
          7,
          7,
          7,
          null,
          null,
          1,
          1,
          1,
          null,
          null,
          null,
          null,
          null,
          null,
          1,
          null,
          1,
          null,
          null,
          null,
          1,
          null,
          null,
          1,
          null,
          1,
          null,
          null,
          null,
          1,
          null,
          null,
          1,
          1,
          null,
          null,
          1,
          null,
          1,
          null,
          null,
          null,
          1,
          null,
          null,
          1,
          1,
          null,
          null,
          1,
          1,
          null,
          1,
          null,
          null,
          null,
          1,
          null,
          null,
          null,
          null,
          null,
          null,
          null,
          null,
          null,
          null,
          null,
          null,
          null,
          null,
          null,
          null,
          null,
          null,
          null,
          null,
          null,
          null,
          null,
          null,
          null,
          null,
          null,
          null,
          null,
          null,
          null,
          null,
          null,
          null,
          null,
          null,
          null,
          null,
          null,
          null,
          null,
          null,
          null,
          null,
          null,
          null,
          null,
          null,
          null,
          null,
          null,
          null,
          null,
          null,
          null,
          null,
          null,
          null,
          null,
          null,
          null,
          null,
          null,
          null
        ]
      },
      "/Users/ericchon/turing/1mod/enigma/lib/enigma.rb": {
        "lines": [
          1,
          1,
          1,
          null,
          1,
          1,
          null,
          1,
          null,
          7,
          null,
          null,
          null,
          null,
          7,
          null,
          null,
          null,
          null,
          null,
          null,
          1,
          4,
          4,
          4,
          4,
          4,
          null,
          null,
          1,
          2,
          2,
          2,
          2,
          2,
          null,
          null,
          1,
          null,
          5,
          5,
          5,
          5,
          5,
          5,
          null,
          null,
          1,
          null,
          null,
          null,
          null,
          null,
          null,
          null,
          null,
          null,
          null,
          null,
          null,
          null,
          null,
          null,
          null,
          null,
          null,
          null,
          null,
          null,
          null,
          null,
          null,
          null,
          null,
          null,
          null,
          null,
          null,
          null,
          null,
          null,
          null,
          null,
          null,
          null,
          null,
          null,
          null,
          null,
          null,
          null,
          null,
          null,
          null,
          null,
          null,
          null,
          null,
          null,
          null,
          null,
          null,
          null,
          null,
          null,
          null,
          null,
          null,
          null,
          null,
          null,
          null,
          null,
          null,
          null,
          null,
          null,
          null,
          null,
          null,
          null,
          null,
          null,
          null,
          null,
          null,
          null,
          null,
          null,
          null,
          null,
          null,
          null,
          null,
          null,
          null,
          null,
          null,
          null,
          null,
          null,
          null,
          null,
          null,
          null,
          null,
          null,
          null,
          null,
          null,
          null,
          null,
          null,
          null,
          null
        ]
      },
      "/Users/ericchon/turing/1mod/enigma/spec/key_spec.rb": {
        "lines": [
          null,
          null,
          null,
          null,
          null,
          null,
          null,
          null,
          null,
          null,
          null,
          null,
          null,
          null,
          null,
          null,
          null,
          null,
          null,
          null,
          null,
          null,
          null,
          null,
          null,
          null
        ]
      }
    },
    "timestamp": 1636998176
  }
}
